Arguments: 
  /usr/local/bin/node /Users/leeallen/.yarn/bin/yarn.js add create-react-app aletheaallen

PATH: 
  /Users/leeallen/.yarn/bin:/Users/leeallen/.config/yarn/global/node_modules/.bin:/usr/local/sbin:/usr/local/opt/php@7.2/bin:/usr/local/bin:/usr/bin:/bin:/usr/sbin:/sbin:/Applications/VMware Fusion.app/Contents/Public:/Users/leeallen/.composer/vendor/bin

Yarn version: 
  1.17.3

Node version: 
  10.16.0

Platform: 
  darwin x64

Trace: 
  Error: https://registry.yarnpkg.com/aletheaallen: Not found
      at Request.params.callback [as _callback] (/Users/leeallen/.yarn/lib/cli.js:66830:18)
      at Request.self.callback (/Users/leeallen/.yarn/lib/cli.js:140464:22)
      at Request.emit (events.js:198:13)
      at Request.<anonymous> (/Users/leeallen/.yarn/lib/cli.js:141436:10)
      at Request.emit (events.js:198:13)
      at IncomingMessage.<anonymous> (/Users/leeallen/.yarn/lib/cli.js:141358:12)
      at Object.onceWrapper (events.js:286:20)
      at IncomingMessage.emit (events.js:203:15)
      at endReadableNT (_stream_readable.js:1129:12)
      at process._tickCallback (internal/process/next_tick.js:63:19)

npm manifest: 
  No manifest

yarn manifest: 
  No manifest

Lockfile: 
  No lockfile
